<?xml version="1.0" encoding="UTF-8"?>
<!-- Generated by org.testng.reporters.JUnitReportReporter -->
<testsuite skipped="0" hostname="Jayarams-MacBook.local" name="org.selenium.edurekaproject.projectedureka.AppTest" tests="1" failures="0" timestamp="10 Oct 2018 19:49:07 GMT" time="0.022" errors="0">
  <testcase name="firstTest" time="0.022" classname="org.selenium.edurekaproject.projectedureka.AppTest"/>
</testsuite> <!-- org.selenium.edurekaproject.projectedureka.AppTest -->
