<?xml version="1.0" encoding="UTF-8"?>
<!-- Generated by org.testng.reporters.JUnitReportReporter -->
<testsuite skipped="0" hostname="Jayarams-MacBook.local" name="org.selenium.myMaven.myMaven.AppTest" tests="1" failures="0" timestamp="11 Oct 2018 12:07:23 GMT" time="0.022" errors="0">
  <testcase name="apptest" time="0.022" classname="org.selenium.myMaven.myMaven.AppTest"/>
</testsuite> <!-- org.selenium.myMaven.myMaven.AppTest -->
